#
# There is insufficient memory for the Java Runtime Environment to continue.
# Native memory allocation (mmap) failed to map 264241152 bytes for G1 virtual space
# Possible reasons:
#   The system is out of physical RAM or swap space
#   The process is running with CompressedOops enabled, and the Java Heap may be blocking the growth of the native heap
# Possible solutions:
#   Reduce memory load on the system
#   Increase physical memory or swap space
#   Check if swap backing store is full
#   Decrease Java heap size (-Xmx/-Xms)
#   Decrease number of Java threads
#   Decrease Java thread stack sizes (-Xss)
#   Set larger code cache with -XX:ReservedCodeCacheSize=
#   JVM is running with Zero Based Compressed Oops mode in which the Java heap is
#     placed in the first 32GB address space. The Java Heap base address is the
#     maximum limit for the native heap growth. Please use -XX:HeapBaseMinAddress
#     to set the Java Heap base and to place the Java Heap above 32GB virtual address.
# This output file may be truncated or incomplete.
#
#  Out of Memory Error (os_windows.cpp:3600), pid=26412, tid=17308
#
# JRE version:  (21.0.4+8) (build )
# Java VM: Java HotSpot(TM) 64-Bit Server VM (21.0.4+8-LTS-274, mixed mode, sharing, tiered, compressed oops, compressed class ptrs, g1 gc, windows-amd64)
# No core dump will be written. Minidumps are not enabled by default on client versions of Windows
#

---------------  S U M M A R Y ------------

Command Line: -Dfile.encoding=UTF-8 -Dstdout.encoding=UTF-8 -Dstderr.encoding=UTF-8 -XX:+ShowCodeDetailsInExceptionMessages Queue.Queue1Main

Host: 12th Gen Intel(R) Core(TM) i5-12400, 12 cores, 15G,  Windows 11 , 64 bit Build 22621 (10.0.22621.3958)
Time: Sun Oct 20 10:07:09 2024 India Standard Time elapsed time: 0.007631 seconds (0d 0h 0m 0s)

---------------  T H R E A D  ---------------

Current thread (0x000001f5526a8f80):  JavaThread "Unknown thread" [_thread_in_vm, id=17308, stack(0x0000006115c00000,0x0000006115d00000) (1024K)]

Stack: [0x0000006115c00000,0x0000006115d00000]
Native frames: (J=compiled Java code, j=interpreted, Vv=VM code, C=native code)
V  [jvm.dll+0x6c8e59]
V  [jvm.dll+0x853181]
V  [jvm.dll+0x8556ae]
V  [jvm.dll+0x855d83]
V  [jvm.dll+0x27d526]
V  [jvm.dll+0x6c55f5]
V  [jvm.dll+0x6ba17a]
V  [jvm.dll+0x352a8a]
V  [jvm.dll+0x35a6e6]
V  [jvm.dll+0x3acdae]
V  [jvm.dll+0x3ad058]
V  [jvm.dll+0x326dec]
V  [jvm.dll+0x32794b]
V  [jvm.dll+0x81c569]
V  [jvm.dll+0x3b9a11]
V  [jvm.dll+0x805948]
V  [jvm.dll+0x44ec5e]
V  [jvm.dll+0x450851]
C  [jli.dll+0x52a3]
C  [ucrtbase.dll+0x29333]
C  [KERNEL32.DLL+0x1257d]
C  [ntdll.dll+0x5af08]


---------------  P R O C E S S  ---------------

Threads class SMR info:
_java_thread_list=0x00007ffe1f5b6c08, length=0, elements={
}

Java Threads: ( => current thread )
Total: 0

Other Threads:
  0x000001f5548fbe60 WorkerThread "GC Thread#0"                     [id=21148, stack(0x0000006115d00000,0x0000006115e00000) (1024K)]
  0x000001f55490d2b0 ConcurrentGCThread "G1 Main Marker"            [id=22592, stack(0x0000006115e00000,0x0000006115f00000) (1024K)]
  0x000001f55490e5c0 WorkerThread "G1 Conc#0"                       [id=23092, stack(0x0000006115f00000,0x0000006116000000) (1024K)]

[error occurred during error reporting (printing all threads), id 0xc0000005, EXCEPTION_ACCESS_VIOLATION (0xc0000005) at pc=0x00007ffe1ed29577]
VM state: not at safepoint (not fully initialized)

VM Mutex/Monitor currently owned by a thread:  ([mutex/lock_event])
[0x00007ffe1f627f98] Heap_lock - owner thread: 0x000001f5526a8f80

Heap address: 0x0000000704600000, size: 4026 MB, Compressed Oops mode: Zero based, Oop shift amount: 3

CDS archive(s) mapped at: [0x0000000000000000-0x0000000000000000-0x0000000000000000), size 0, SharedBaseAddress: 0x0000000800000000, ArchiveRelocationMode: 1.
Narrow klass base: 0x0000000000000000, Narrow klass shift: 0, Narrow klass range: 0x0

GC Precious Log:
 CardTable entry size: 512
 Card Set container configuration: InlinePtr #cards 4 size 8 Array Of Cards #cards 16 size 48 Howl #buckets 8 coarsen threshold 3686 Howl Bitmap #cards 512 size 80 coarsen threshold 460 Card regions per heap region 1 cards per card region 4096

Heap:
 garbage-first heap   total 0K, used 0K [0x0000000704600000, 0x0000000800000000)
  region size 2048K, 0 young (0K), 0 survivors (0K)

[error occurred during error reporting (printing heap information), id 0xc0000005, EXCEPTION_ACCESS_VIOLATION (0xc0000005) at pc=0x00007ffe1f111df9]
GC Heap History (0 events):
No events

Dll operation events (1 events):
Event: 0.005 Loaded shared library C:\Program Files\Java\jdk-21\bin\java.dll

Deoptimization events (0 events):
No events

Classes loaded (0 events):
No events

Classes unloaded (0 events):
No events

Classes redefined (0 events):
No events

Internal exceptions (0 events):
No events

ZGC Phase Switch (0 events):
No events

VM Operations (0 events):
No events

Events (0 events):
No events


Dynamic libraries:
0x00007ff6fd340000 - 0x00007ff6fd350000 	C:\Program Files\Java\jdk-21\bin\javaw.exe
0x00007ffedfed0000 - 0x00007ffee00e7000 	C:\WINDOWS\SYSTEM32\ntdll.dll
0x00007ffede6f0000 - 0x00007ffede7b4000 	C:\WINDOWS\System32\KERNEL32.DLL
0x00007ffedd2a0000 - 0x00007ffedd657000 	C:\WINDOWS\System32\KERNELBASE.dll
0x00007ffedda80000 - 0x00007ffeddb91000 	C:\WINDOWS\System32\ucrtbase.dll
0x00007ffebbe30000 - 0x00007ffebbe4b000 	C:\Program Files\Java\jdk-21\bin\VCRUNTIME140.dll
0x00007ffebbe10000 - 0x00007ffebbe29000 	C:\Program Files\Java\jdk-21\bin\jli.dll
0x00007ffedddb0000 - 0x00007ffedde62000 	C:\WINDOWS\System32\ADVAPI32.dll
0x00007ffede7c0000 - 0x00007ffede867000 	C:\WINDOWS\System32\msvcrt.dll
0x00007ffede310000 - 0x00007ffede3b8000 	C:\WINDOWS\System32\sechost.dll
0x00007ffeddba0000 - 0x00007ffeddbc8000 	C:\WINDOWS\System32\bcrypt.dll
0x00007ffede5d0000 - 0x00007ffede6e4000 	C:\WINDOWS\System32\RPCRT4.dll
0x00007ffedfbb0000 - 0x00007ffedfd5f000 	C:\WINDOWS\System32\USER32.dll
0x00007ffecd9c0000 - 0x00007ffecdc53000 	C:\WINDOWS\WinSxS\amd64_microsoft.windows.common-controls_6595b64144ccf1df_6.0.22621.3672_none_2713b9d173822955\COMCTL32.dll
0x00007ffedfb60000 - 0x00007ffedfb89000 	C:\WINDOWS\System32\GDI32.dll
0x00007ffedd270000 - 0x00007ffedd296000 	C:\WINDOWS\System32\win32u.dll
0x00007ffedd770000 - 0x00007ffedd888000 	C:\WINDOWS\System32\gdi32full.dll
0x00007ffedd6d0000 - 0x00007ffedd76a000 	C:\WINDOWS\System32\msvcp_win.dll
0x00007ffece6e0000 - 0x00007ffece6ea000 	C:\WINDOWS\SYSTEM32\VERSION.dll
0x00007ffede590000 - 0x00007ffede5c1000 	C:\WINDOWS\System32\IMM32.DLL
0x00007ffecbb90000 - 0x00007ffecbb9c000 	C:\Program Files\Java\jdk-21\bin\vcruntime140_1.dll
0x00007ffeb3bf0000 - 0x00007ffeb3c7e000 	C:\Program Files\Java\jdk-21\bin\msvcp140.dll
0x00007ffe1e9f0000 - 0x00007ffe1f703000 	C:\Program Files\Java\jdk-21\bin\server\jvm.dll
0x00007ffeded70000 - 0x00007ffedede1000 	C:\WINDOWS\System32\WS2_32.dll
0x00007ffedc760000 - 0x00007ffedc7ad000 	C:\WINDOWS\SYSTEM32\POWRPROF.dll
0x00007ffed1c70000 - 0x00007ffed1ca4000 	C:\WINDOWS\SYSTEM32\WINMM.dll
0x00007ffedc710000 - 0x00007ffedc723000 	C:\WINDOWS\SYSTEM32\UMPDC.dll
0x00007ffedc1b0000 - 0x00007ffedc1c8000 	C:\WINDOWS\SYSTEM32\kernel.appcore.dll
0x00007ffed0510000 - 0x00007ffed051a000 	C:\Program Files\Java\jdk-21\bin\jimage.dll
0x00007ffeda9d0000 - 0x00007ffedac02000 	C:\WINDOWS\SYSTEM32\DBGHELP.DLL
0x00007ffedde70000 - 0x00007ffede1fe000 	C:\WINDOWS\System32\combase.dll
0x00007ffede3c0000 - 0x00007ffede497000 	C:\WINDOWS\System32\OLEAUT32.dll
0x00007ffecf3f0000 - 0x00007ffecf422000 	C:\WINDOWS\SYSTEM32\dbgcore.DLL
0x00007ffedd890000 - 0x00007ffedd90b000 	C:\WINDOWS\System32\bcryptPrimitives.dll
0x00007ffed04f0000 - 0x00007ffed050f000 	C:\Program Files\Java\jdk-21\bin\java.dll

dbghelp: loaded successfully - version: 4.0.5 - missing functions: none
symbol engine: initialized successfully - sym options: 0x614 - pdb path: .;C:\Program Files\Java\jdk-21\bin;C:\WINDOWS\SYSTEM32;C:\WINDOWS\WinSxS\amd64_microsoft.windows.common-controls_6595b64144ccf1df_6.0.22621.3672_none_2713b9d173822955;C:\Program Files\Java\jdk-21\bin\server

VM Arguments:
jvm_args: -Dfile.encoding=UTF-8 -Dstdout.encoding=UTF-8 -Dstderr.encoding=UTF-8 -XX:+ShowCodeDetailsInExceptionMessages 
java_command: Queue.Queue1Main
java_class_path (initial): D:\Rahul Patil\Rahul patil\Rahul patil\Data Structure\DataStructure\bin
Launcher Type: SUN_STANDARD

[Global flags]
     intx CICompilerCount                          = 4                                         {product} {ergonomic}
     uint ConcGCThreads                            = 3                                         {product} {ergonomic}
     uint G1ConcRefinementThreads                  = 10                                        {product} {ergonomic}
   size_t G1HeapRegionSize                         = 2097152                                   {product} {ergonomic}
    uintx GCDrainStackTargetSize                   = 64                                        {product} {ergonomic}
   size_t InitialHeapSize                          = 264241152                                 {product} {ergonomic}
   size_t MarkStackSize                            = 4194304                                   {product} {ergonomic}
   size_t MaxHeapSize                              = 4221566976                                {product} {ergonomic}
   size_t MinHeapDeltaBytes                        = 2097152                                   {product} {ergonomic}
   size_t MinHeapSize                              = 8388608                                   {product} {ergonomic}
    uintx NonNMethodCodeHeapSize                   = 5839372                                {pd product} {ergonomic}
    uintx NonProfiledCodeHeapSize                  = 122909434                              {pd product} {ergonomic}
    uintx ProfiledCodeHeapSize                     = 122909434                              {pd product} {ergonomic}
    uintx ReservedCodeCacheSize                    = 251658240                              {pd product} {ergonomic}
     bool SegmentedCodeCache                       = true                                      {product} {ergonomic}
     bool ShowCodeDetailsInExceptionMessages       = true                                   {manageable} {command line}
   size_t SoftMaxHeapSize                          = 4221566976                             {manageable} {ergonomic}
     bool UseCompressedOops                        = true                           {product lp64_product} {ergonomic}
     bool UseG1GC                                  = true                                      {product} {ergonomic}
     bool UseLargePagesIndividualAllocation        = false                                  {pd product} {ergonomic}

Logging:
Log output configuration:
 #0: stdout all=warning uptime,level,tags foldmultilines=false
 #1: stderr all=off uptime,level,tags foldmultilines=false

Environment Variables:
PATH=C:/Program Files/Java/jdk-21/bin/server;C:/Program Files/Java/jdk-21/bin;C:\Program Files\Java\jdk-21\bin;C:\Program Files\Common Files\Oracle\Java\javapath;C:\oraclexe\app\oracle\product\11.2.0\server\bin;C:\app\Admin\product\21c\dbhomeXE\bin;C:\Program Files (x86)\VMware\VMware Player\bin\;C:\WINDOWS\system32;C:\WINDOWS;C:\WINDOWS\System32\Wbem;C:\WINDOWS\System32\WindowsPowerShell\v1.0\;C:\WINDOWS\System32\OpenSSH\;C:\Program Files (x86)\Kaspersky Lab\Kaspersky Endpoint Security for Windows\;C:\Program Files\PuTTY\;C:\ProgramData\chocolatey\bin;C:\Program Files\Git\cmd;C:\Program Files\dotnet\;D:\Dinesh-spring\apache-maven-3.8.7-bin\apache-maven-3.8.7\bin\;C:\Program Files (x86)\Microsoft SQL Server\160\Tools\Binn\;C:\Program Files\Microsoft SQL Server\160\Tools\Binn\;C:\Program Files\Microsoft SQL Server\Client SDK\ODBC\170\Tools\Binn\;C:\Program Files\Microsoft SQL Server\160\DTS\Binn\;C:\Program Files (x86)\Microsoft SQL Server\160\DTS\Binn\;C:\Program Files\Azure Data Studio\bin;C:\Program Files\Microsoft SQL Server\150\Tools\Binn\;C:\Program Files\nodejs\;C:\Users\CDAC\AppData\Local\Programs\Python\Launcher\;C:\Users\CDAC\.console-ninja\.bin;C:\Program Files\MySQL\MySQL Shell 8.0\bin\;C:\Users\CDAC\AppData\Local\Microsoft\WindowsApps;C:\Users\CDAC\AppData\Local\Programs\Microsoft VS Code\bin;C:\Users\CDAC\.dotnet\tools;C:\Program Files\Azure Data Studio\bin;C:\Users\CDAC\AppData\Roaming\npm;C:\WINDOWS\System32;
USERNAME=CDAC
OS=Windows_NT
PROCESSOR_IDENTIFIER=Intel64 Family 6 Model 151 Stepping 5, GenuineIntel
TMP=C:\Users\CDAC\AppData\Local\Temp
TEMP=C:\Users\CDAC\AppData\Local\Temp




Periodic native trim disabled

---------------  S Y S T E M  ---------------

OS:
 Windows 11 , 64 bit Build 22621 (10.0.22621.3958)
OS uptime: 6 days 1:00 hours
Hyper-V role detected

CPU: total 12 (initial active 12) (6 cores per cpu, 2 threads per core) family 6 model 151 stepping 5 microcode 0x1e, cx8, cmov, fxsr, ht, mmx, 3dnowpref, sse, sse2, sse3, ssse3, sse4.1, sse4.2, popcnt, lzcnt, tsc, tscinvbit, avx, avx2, aes, erms, clmul, bmi1, bmi2, adx, sha, fma, vzeroupper, clflush, clflushopt, clwb, hv, serialize, rdtscp, rdpid, fsrm, f16c, cet_ibt, cet_ss
Processor Information for all 12 processors :
  Max Mhz: 2500, Current Mhz: 2500, Mhz Limit: 2500

Memory: 4k page, system-wide physical 16099M (6340M free)
TotalPageFile size 65251M (AvailPageFile size 69M)
current process WorkingSet (physical memory assigned to process): 11M, peak: 11M
current process commit charge ("private bytes"): 64M, peak: 316M

vm_info: Java HotSpot(TM) 64-Bit Server VM (21.0.4+8-LTS-274) for windows-amd64 JRE (21.0.4+8-LTS-274), built on 2024-06-05T05:23:33Z by "mach5one" with MS VC++ 17.6 (VS2022)

END.
